<?xml version="1.0" encoding="UTF-8"?>
<testng-results skipped="0" failed="0" ignored="0" total="1" passed="1">
  <reporter-output>
  </reporter-output>
  <suite name="Default suite" duration-ms="9036" started-at="2021-01-16T07:31:28Z" finished-at="2021-01-16T07:31:37Z">
    <groups>
    </groups>
    <test name="Default test" duration-ms="9036" started-at="2021-01-16T07:31:28Z" finished-at="2021-01-16T07:31:37Z">
      <class name="PDFReader.PDFReader.PDFReaderTest">
        <test-method status="PASS" signature="readPDF()[pri:0, instance:PDFReader.PDFReader.PDFReaderTest@318ba8c8]" name="readPDF" duration-ms="8827" started-at="2021-01-16T07:31:28Z" finished-at="2021-01-16T07:31:36Z">
          <reporter-output>
          </reporter-output>
        </test-method> <!-- readPDF -->
        <test-method status="PASS" signature="AfterRun()[pri:0, instance:PDFReader.PDFReader.PDFReaderTest@318ba8c8]" name="AfterRun" is-config="true" duration-ms="162" started-at="2021-01-16T07:31:36Z" finished-at="2021-01-16T07:31:37Z">
          <reporter-output>
          </reporter-output>
        </test-method> <!-- AfterRun -->
      </class> <!-- PDFReader.PDFReader.PDFReaderTest -->
    </test> <!-- Default test -->
  </suite> <!-- Default suite -->
</testng-results>
